<?xml version="1.0" encoding="UTF-8"?>
<testsuite xmlns:xsi="http://www.w3.org/2001/XMLSchema-instance" xsi:noNamespaceSchemaLocation="https://maven.apache.org/surefire/maven-surefire-plugin/xsd/surefire-test-report.xsd" version="3.0.2" name="com.example.ControllerTest" time="3.047" tests="39" errors="0" skipped="0" failures="0">
  <properties>
[...]
</properties>
  <testcase name="testApplyTextDirectionLTRForEnglish" classname="com.example.ControllerTest" time="2.111">
    <system-err><![CDATA[huhtik. 16, 2026 2:14:43 IP. com.sun.javafx.application.PlatformImpl startup
WARNING: Unsupported JavaFX configuration: classes were loaded from 'unnamed module @1d082e88'
WARNING: A Java agent has been loaded dynamically (C:\Users\Aleksi\.m2\repository\net\bytebuddy\byte-buddy-agent\1.14.12\byte-buddy-agent-1.14.12.jar)
WARNING: If a serviceability tool is in use, please run with -XX:+EnableDynamicAgentLoading to hide this warning
WARNING: If a serviceability tool is not in use, please run with -Djdk.instrument.traceUsage for more information
WARNING: Dynamic loading of agents will be disallowed by default in a future release
]]></system-err>
  </testcase>
  <testcase name="testApplyTextDirectionWithNullRoot" classname="com.example.ControllerTest" time="0.005"/>
  <testcase name="testSetEnglishSetsLTR" classname="com.example.ControllerTest" time="0.018"/>
  <testcase name="testApplyTextDirectionRTLForUrdu" classname="com.example.ControllerTest" time="0.004"/>
  <testcase name="testSetJapaneseSetsLTR" classname="com.example.ControllerTest" time="0.006"/>
  <testcase name="testSetLanguageUsesDefaultsWhenKeysNotFound" classname="com.example.ControllerTest" time="0.005"/>
  <testcase name="testSetFrenchSetsLTR" classname="com.example.ControllerTest" time="0.005"/>
  <testcase name="testInitializeSetsEnglishLabels" classname="com.example.ControllerTest" time="0.004"/>
  <testcase name="testSetLanguageUpdatesLabels" classname="com.example.ControllerTest" time="0.006"/>
  <testcase name="testHandleCalculateLargeValues" classname="com.example.ControllerTest" time="0.033"/>
  <testcase name="testSetLanguageSetsPromptTexts" classname="com.example.ControllerTest" time="0.004"/>
  <testcase name="testApplyTextDirectionRTLForArabic" classname="com.example.ControllerTest" time="0.004"/>
  <testcase name="testApplyTextDirectionRTLForPersian" classname="com.example.ControllerTest" time="0.003"/>
  <testcase name="testApplyTextDirectionRTLForHebrew" classname="com.example.ControllerTest" time="0.004"/>
  <testcase name="testHandleCalculateEmptyInput" classname="com.example.ControllerTest" time="0.004"/>
  <testcase name="testHandleCalculateWithPersianLocale" classname="com.example.ControllerTest" time="0.006"/>
  <testcase name="testApplyTextDirectionLTRForJapanese" classname="com.example.ControllerTest" time="0.004"/>
  <testcase name="testHandleCalculateWithFrenchLocale" classname="com.example.ControllerTest" time="0.005"/>
  <testcase name="testApplyTextDirectionRTLWithNullRoot" classname="com.example.ControllerTest" time="0.003"/>
  <testcase name="testInitializeSetsPromptTexts" classname="com.example.ControllerTest" time="0.004"/>
  <testcase name="testHandleCalculateWithZeroValues" classname="com.example.ControllerTest" time="0.004"/>
  <testcase name="testHandleCalculateInvalidDistanceInput" classname="com.example.ControllerTest" time="0.006"/>
  <testcase name="testHandleCalculateValidInput" classname="com.example.ControllerTest" time="0.005"/>
  <testcase name="testHandleCalculateSmallDecimalValues" classname="com.example.ControllerTest" time="0.005"/>
  <testcase name="testSetJapanese" classname="com.example.ControllerTest" time="0.005"/>
  <testcase name="testSetEnglish" classname="com.example.ControllerTest" time="0.003"/>
  <testcase name="testSetFrench" classname="com.example.ControllerTest" time="0.003"/>
  <testcase name="testHandleCalculateSavesRecord" classname="com.example.ControllerTest" time="0.003"/>
  <testcase name="testInitializeSetsCurrentLocale" classname="com.example.ControllerTest" time="0.004"/>
  <testcase name="testSetPersianSetsRTL" classname="com.example.ControllerTest" time="0.003"/>
  <testcase name="testSetLanguageUpdatesCurrentLocale" classname="com.example.ControllerTest" time="0.003"/>
  <testcase name="testSetLanguageLangButtonsAlwaysLTR" classname="com.example.ControllerTest" time="0.003"/>
  <testcase name="testSetPersian" classname="com.example.ControllerTest" time="0.004"/>
  <testcase name="testApplyTextDirectionLTRForFrench" classname="com.example.ControllerTest" time="0.003"/>
  <testcase name="testHandleCalculateInvalidConsumptionInput" classname="com.example.ControllerTest" time="0.004"/>
  <testcase name="testSetLanguageCallsLoadStrings" classname="com.example.ControllerTest" time="0.004"/>
  <testcase name="testHandleCalculateUsesDefaultInvalidInputMessage" classname="com.example.ControllerTest" time="0.003"/>
  <testcase name="testHandleCalculateUsesDefaultResultPattern" classname="com.example.ControllerTest" time="0.004"/>
  <testcase name="testHandleCalculateInvalidPriceInput" classname="com.example.ControllerTest" time="0.004"/>
</testsuite>